<?xml version="1.0" encoding="UTF-8"?>
<testng-results ignored="0" total="4" passed="4" failed="0" skipped="0">
  <reporter-output>
  </reporter-output>
  <suite started-at="2021-12-07T20:36:07 IST" name="first suite" finished-at="2021-12-07T20:36:07 IST" duration-ms="51">
    <groups>
    </groups>
    <test started-at="2021-12-07T20:36:07 IST" name="first test" finished-at="2021-12-07T20:36:07 IST" duration-ms="51">
      <class name="basicPractise.Basic">
        <test-method signature="firstTest()[pri:0, instance:basicPractise.Basic@75f9eccc]" started-at="2021-12-07T20:36:07 IST" name="firstTest" finished-at="2021-12-07T20:36:07 IST" duration-ms="7" status="PASS">
          <reporter-output>
          </reporter-output>
        </test-method> <!-- firstTest -->
        <test-method signature="secondTest()[pri:0, instance:basicPractise.Basic@75f9eccc]" started-at="2021-12-07T20:36:07 IST" name="secondTest" finished-at="2021-12-07T20:36:07 IST" duration-ms="7" status="PASS">
          <reporter-output>
          </reporter-output>
        </test-method> <!-- secondTest -->
        <test-method signature="finalTest()[pri:0, instance:basicPractise.Basic@75f9eccc]" started-at="2021-12-07T20:36:07 IST" name="finalTest" finished-at="2021-12-07T20:36:07 IST" duration-ms="7" status="PASS">
          <reporter-output>
          </reporter-output>
        </test-method> <!-- finalTest -->
        <test-method signature="thirdTest()[pri:0, instance:basicPractise.Basic@75f9eccc]" started-at="2021-12-07T20:36:07 IST" name="thirdTest" finished-at="2021-12-07T20:36:07 IST" duration-ms="0" status="PASS">
          <reporter-output>
          </reporter-output>
        </test-method> <!-- thirdTest -->
      </class> <!-- basicPractise.Basic -->
    </test> <!-- first test -->
  </suite> <!-- first suite -->
</testng-results>
